<?xml version="1.0" encoding="UTF-8"?>
<!-- Generated by org.testng.reporters.JUnitReportReporter -->
<testsuite skipped="0" hostname="Nuralis-MacBook-Pro.local" name="runnerPackage.testRunner" tests="1" failures="0" timestamp="27 Feb 2018 19:23:06 GMT" time="2.888" errors="0">
  <testcase name="runScenario" time="2.888" classname="runnerPackage.testRunner"/>
</testsuite> <!-- runnerPackage.testRunner -->
